  CObjBulletEnemy.cpp
  CObjSinEnemy.cpp
  GameL_Main.cpp
  ObjAttackEnemy.cpp
  ObjBullet.cpp
  ObjClearBack.cpp
  ObjClearVirus.cpp
  ObjEnemy.cpp
  ObjGameOver.cpp
E:\pomupomu-syain13\Project1\Project1\ObjGameOver.cpp(42,9): warning C4101: 'dst': ローカル変数は 1 度も使われていません。
  ObjHero.cpp
  ObjSceneMain.cpp
  ObjTitle.cpp
  Objwin.cpp
  SceneGameOver.cpp
  SceneMain.cpp
E:\pomupomu-syain13\Project1\Project1\GameL\DrawTexture.h(4,1): warning C4005: '_SECURE_SCL': マクロが再定義されました。
E:\pomupomu-syain13\Project1\Project1\SceneMain.cpp(2): message : '_SECURE_SCL' の以前の定義を確認してください
E:\pomupomu-syain13\Project1\Project1\GameL\DrawTexture.h(5,1): warning C4005: '_HAS_ITERATOR_DEBUGGING': マクロが再定義されました。
E:\pomupomu-syain13\Project1\Project1\SceneMain.cpp(3): message : '_HAS_ITERATOR_DEBUGGING' の以前の定義を確認してください
  winscene.cpp
E:\pomupomu-syain13\Project1\Project1\GameL\SceneObjManager.h(4,1): warning C4005: '_SECURE_SCL': マクロが再定義されました。
E:\pomupomu-syain13\Project1\Project1\winscene.cpp(2): message : '_SECURE_SCL' の以前の定義を確認してください
E:\pomupomu-syain13\Project1\Project1\GameL\SceneObjManager.h(5,1): warning C4005: '_HAS_ITERATOR_DEBUGGING': マクロが再定義されました。
E:\pomupomu-syain13\Project1\Project1\winscene.cpp(3): message : '_HAS_ITERATOR_DEBUGGING' の以前の定義を確認してください
  コードを生成中...
  SceneTitle.cpp
E:\pomupomu-syain13\Project1\Project1\GameL\SceneObjManager.h(5,1): warning C4005: '_HAS_ITERATOR_DEBUGGING': マクロが再定義されました。
E:\pomupomu-syain13\Project1\Project1\SceneTitle.cpp(3): message : '_HAS_ITERATOR_DEBUGGING' の以前の定義を確認してください
  Project1.vcxproj -> E:\pomupomu-syain13\Project1\x64\Debug\Project1.exe
